#
# There is insufficient memory for the Java Runtime Environment to continue.
# Native memory allocation (mmap) failed to map 264241152 bytes. Error detail: G1 virtual space
# Possible reasons:
#   The system is out of physical RAM or swap space
#   This process is running with CompressedOops enabled, and the Java Heap may be blocking the growth of the native heap
# Possible solutions:
#   Reduce memory load on the system
#   Increase physical memory or swap space
#   Check if swap backing store is full
#   Decrease Java heap size (-Xmx/-Xms)
#   Decrease number of Java threads
#   Decrease Java thread stack sizes (-Xss)
#   Set larger code cache with -XX:ReservedCodeCacheSize=
#   JVM is running with Zero Based Compressed Oops mode in which the Java heap is
#     placed in the first 32GB address space. The Java Heap base address is the
#     maximum limit for the native heap growth. Please use -XX:HeapBaseMinAddress
#     to set the Java Heap base and to place the Java Heap above 32GB virtual address.
# This output file may be truncated or incomplete.
#
#  Out of Memory Error (os_windows.cpp:3925), pid=16216, tid=25964
#
# JRE version:  (21.0.9+1) (build )
# Java VM: OpenJDK 64-Bit Server VM (21.0.9+1-b1038.76, mixed mode, sharing, tiered, compressed oops, compressed class ptrs, g1 gc, windows-amd64)
# No core dump will be written. Minidumps are not enabled by default on client versions of Windows
#

---------------  S U M M A R Y ------------

Command Line: git4idea.http.GitAskPassApp Username for 'https://github.com': 

Host: Intel(R) Core(TM) Ultra 5 125H, 18 cores, 15G,  Windows 11 , 64 bit Build 26100 (10.0.26100.7019)
Time: Fri Nov 28 15:55:35 2025 SE Asia Standard Time elapsed time: 1.292809 seconds (0d 0h 0m 1s)

---------------  T H R E A D  ---------------

Current thread (0x000002043c1d5c70):  JavaThread "Unknown thread" [_thread_in_vm, id=25964, stack(0x000000b2bd300000,0x000000b2bd400000) (1024K)]

Stack: [0x000000b2bd300000,0x000000b2bd400000]
Native frames: (J=compiled Java code, j=interpreted, Vv=VM code, C=native code)
V  [jvm.dll+0x6ec259]
V  [jvm.dll+0x8cc383]
V  [jvm.dll+0x8ce99e]
V  [jvm.dll+0x8cf083]
V  [jvm.dll+0x28b006]
V  [jvm.dll+0x6e8a35]
V  [jvm.dll+0x6dc0ca]
V  [jvm.dll+0x366a7b]
V  [jvm.dll+0x36e666]
V  [jvm.dll+0x3c0bd6]
V  [jvm.dll+0x3c0ea8]
V  [jvm.dll+0x33922c]
V  [jvm.dll+0x339f1b]
V  [jvm.dll+0x893a49]
V  [jvm.dll+0x3cdda8]
V  [jvm.dll+0x87c988]
V  [jvm.dll+0x462a4e]
V  [jvm.dll+0x464731]
C  [jli.dll+0x52ab]
C  [ucrtbase.dll+0x37b0]
C  [KERNEL32.DLL+0x2e8d7]
C  [ntdll.dll+0x8c53c]


---------------  P R O C E S S  ---------------

Threads class SMR info:
_java_thread_list=0x00007ffe01b452c8, length=0, elements={
}

Java Threads: ( => current thread )
Total: 0

Other Threads:
  0x000002043e5f12e0 WorkerThread "GC Thread#0"                     [id=11324, stack(0x000000b2bd400000,0x000000b2bd500000) (1024K)]
  0x000002043e601d20 ConcurrentGCThread "G1 Main Marker"            [id=26296, stack(0x000000b2bd500000,0x000000b2bd600000) (1024K)]
  0x000002043e602730 WorkerThread "G1 Conc#0"                       [id=21944, stack(0x000000b2bd600000,0x000000b2bd700000) (1024K)]

[error occurred during error reporting (printing all threads), id 0xc0000005, EXCEPTION_ACCESS_VIOLATION (0xc0000005) at pc=0x00007ffe0122c287]
VM state: not at safepoint (not fully initialized)

VM Mutex/Monitor currently owned by a thread:  ([mutex/lock_event])
[0x00007ffe01bb9e30] Heap_lock - owner thread: 0x000002043c1d5c70

Heap address: 0x0000000704a00000, size: 4022 MB, Compressed Oops mode: Zero based, Oop shift amount: 3

CDS archive(s) mapped at: [0x0000000000000000-0x0000000000000000-0x0000000000000000), size 0, SharedBaseAddress: 0x0000000800000000, ArchiveRelocationMode: 1.
Narrow klass base: 0x0000000000000000, Narrow klass shift: 0, Narrow klass range: 0x0

GC Precious Log:
 CardTable entry size: 512
 Card Set container configuration: InlinePtr #cards 4 size 8 Array Of Cards #cards 16 size 48 Howl #buckets 8 coarsen threshold 3686 Howl Bitmap #cards 512 size 80 coarsen threshold 460 Card regions per heap region 1 cards per card region 4096

Heap:
 garbage-first heap   total 0K, used 0K [0x0000000704a00000, 0x0000000800000000)
  region size 2048K, 0 young (0K), 0 survivors (0K)
 Metaspace       used 0K, committed 0K, reserved 0K
  class space    used 0K, committed 0K, reserved 0K

Heap Regions: E=young(eden), S=young(survivor), O=old, HS=humongous(starts), HC=humongous(continues), CS=collection set, F=free, TAMS=top-at-mark-start, PB=parsable bottom

Card table byte_map: [0x0000020452750000,0x0000020452f30000] _byte_map_base: 0x000002044ef2b000

Marking Bits: (CMBitMap*) 0x000002043e5f18f0
 Bits: [0x0000020452f30000, 0x0000020456e08000)

GC Heap History (0 events):
No events

Dll operation events (1 events):
Event: 0.007 Loaded shared library C:\Program Files\JetBrains\IntelliJ IDEA Community Edition 2025.2.5\jbr\bin\java.dll

Deoptimization events (0 events):
No events

Classes loaded (0 events):
No events

Classes unloaded (0 events):
No events

Classes redefined (0 events):
No events

Internal exceptions (0 events):
No events

ZGC Phase Switch (0 events):
No events

VM Operations (0 events):
No events

Memory protections (0 events):
No events

Nmethod flushes (0 events):
No events

Events (0 events):
No events


Dynamic libraries:
0x00007ff660e60000 - 0x00007ff660e6a000 	C:\Program Files\JetBrains\IntelliJ IDEA Community Edition 2025.2.5\jbr\bin\java.exe
0x00007fff12180000 - 0x00007fff123e8000 	C:\WINDOWS\SYSTEM32\ntdll.dll
0x00007fff10f70000 - 0x00007fff11039000 	C:\WINDOWS\System32\KERNEL32.DLL
0x00007fff0f900000 - 0x00007fff0fcf8000 	C:\WINDOWS\System32\KERNELBASE.dll
0x00007fff0f4e0000 - 0x00007fff0f62b000 	C:\WINDOWS\System32\ucrtbase.dll
0x00007ffee6330000 - 0x00007ffee6348000 	C:\Program Files\JetBrains\IntelliJ IDEA Community Edition 2025.2.5\jbr\bin\jli.dll
0x00007ffefc750000 - 0x00007ffefc76b000 	C:\Program Files\JetBrains\IntelliJ IDEA Community Edition 2025.2.5\jbr\bin\VCRUNTIME140.dll
0x00007fff0ff20000 - 0x00007fff100e7000 	C:\WINDOWS\System32\USER32.dll
0x00007fff0fdc0000 - 0x00007fff0fde7000 	C:\WINDOWS\System32\win32u.dll
0x00007ffef6ab0000 - 0x00007ffef6d44000 	C:\WINDOWS\WinSxS\amd64_microsoft.windows.common-controls_6595b64144ccf1df_6.0.26100.7019_none_3e06ffa0e335b8a8\COMCTL32.dll
0x00007fff11bd0000 - 0x00007fff11bfb000 	C:\WINDOWS\System32\GDI32.dll
0x00007fff11080000 - 0x00007fff11129000 	C:\WINDOWS\System32\msvcrt.dll
0x00007fff0fdf0000 - 0x00007fff0ff1c000 	C:\WINDOWS\System32\gdi32full.dll
0x00007fff0f6e0000 - 0x00007fff0f783000 	C:\WINDOWS\System32\msvcp_win.dll
0x00007fff10230000 - 0x00007fff10261000 	C:\WINDOWS\System32\IMM32.DLL
0x00007fff07520000 - 0x00007fff0752c000 	C:\Program Files\JetBrains\IntelliJ IDEA Community Edition 2025.2.5\jbr\bin\vcruntime140_1.dll
0x00007ffe42810000 - 0x00007ffe4289d000 	C:\Program Files\JetBrains\IntelliJ IDEA Community Edition 2025.2.5\jbr\bin\msvcp140.dll
0x00007ffe00ee0000 - 0x00007ffe01cad000 	C:\Program Files\JetBrains\IntelliJ IDEA Community Edition 2025.2.5\jbr\bin\server\jvm.dll
0x00007fff10680000 - 0x00007fff10734000 	C:\WINDOWS\System32\ADVAPI32.dll
0x00007fff111a0000 - 0x00007fff11246000 	C:\WINDOWS\System32\sechost.dll
0x00007fff11c00000 - 0x00007fff11d18000 	C:\WINDOWS\System32\RPCRT4.dll
0x00007fff100f0000 - 0x00007fff10164000 	C:\WINDOWS\System32\WS2_32.dll
0x00007fff0f130000 - 0x00007fff0f18e000 	C:\WINDOWS\SYSTEM32\POWRPROF.dll
0x00007fff03ef0000 - 0x00007fff03f25000 	C:\WINDOWS\SYSTEM32\WINMM.dll
0x00007ffef1e30000 - 0x00007ffef1e3b000 	C:\WINDOWS\SYSTEM32\VERSION.dll
0x00007fff0f110000 - 0x00007fff0f124000 	C:\WINDOWS\SYSTEM32\UMPDC.dll
0x00007fff0e090000 - 0x00007fff0e0ab000 	C:\WINDOWS\SYSTEM32\kernel.appcore.dll
0x00007ffefc740000 - 0x00007ffefc74a000 	C:\Program Files\JetBrains\IntelliJ IDEA Community Edition 2025.2.5\jbr\bin\jimage.dll
0x00007fff0c5f0000 - 0x00007fff0c832000 	C:\WINDOWS\SYSTEM32\DBGHELP.DLL
0x00007fff11db0000 - 0x00007fff1213b000 	C:\WINDOWS\System32\combase.dll
0x00007fff11250000 - 0x00007fff11327000 	C:\WINDOWS\System32\OLEAUT32.dll
0x00007ffee8be0000 - 0x00007ffee8c1c000 	C:\WINDOWS\SYSTEM32\dbgcore.DLL
0x00007fff0f630000 - 0x00007fff0f6d5000 	C:\WINDOWS\System32\bcryptPrimitives.dll
0x00007ffefc6d0000 - 0x00007ffefc6f0000 	C:\Program Files\JetBrains\IntelliJ IDEA Community Edition 2025.2.5\jbr\bin\java.dll

JVMTI agents: none

dbghelp: loaded successfully - version: 4.0.5 - missing functions: none
symbol engine: initialized successfully - sym options: 0x614 - pdb path: .;C:\Program Files\JetBrains\IntelliJ IDEA Community Edition 2025.2.5\jbr\bin;C:\WINDOWS\SYSTEM32;C:\WINDOWS\WinSxS\amd64_microsoft.windows.common-controls_6595b64144ccf1df_6.0.26100.7019_none_3e06ffa0e335b8a8;C:\Program Files\JetBrains\IntelliJ IDEA Community Edition 2025.2.5\jbr\bin\server

VM Arguments:
java_command: git4idea.http.GitAskPassApp Username for 'https://github.com': 
java_class_path (initial): C:/Program Files/JetBrains/IntelliJ IDEA Community Edition 2025.2.5/plugins/vcs-git/lib/git4idea-rt.jar;C:/Program Files/JetBrains/IntelliJ IDEA Community Edition 2025.2.5/lib/externalProcess-rt.jar
Launcher Type: SUN_STANDARD

[Global flags]
     intx CICompilerCount                          = 12                                        {product} {ergonomic}
     uint ConcGCThreads                            = 4                                         {product} {ergonomic}
     uint G1ConcRefinementThreads                  = 14                                        {product} {ergonomic}
   size_t G1HeapRegionSize                         = 2097152                                   {product} {ergonomic}
    uintx GCDrainStackTargetSize                   = 64                                        {product} {ergonomic}
   size_t InitialHeapSize                          = 264241152                                 {product} {ergonomic}
   size_t MarkStackSize                            = 4194304                                   {product} {ergonomic}
   size_t MaxHeapSize                              = 4217372672                                {product} {ergonomic}
   size_t MinHeapDeltaBytes                        = 2097152                                   {product} {ergonomic}
   size_t MinHeapSize                              = 8388608                                   {product} {ergonomic}
    uintx NonNMethodCodeHeapSize                   = 7602480                                {pd product} {ergonomic}
    uintx NonProfiledCodeHeapSize                  = 122027880                              {pd product} {ergonomic}
    uintx ProfiledCodeHeapSize                     = 122027880                              {pd product} {ergonomic}
    uintx ReservedCodeCacheSize                    = 251658240                              {pd product} {ergonomic}
     bool SegmentedCodeCache                       = true                                      {product} {ergonomic}
   size_t SoftMaxHeapSize                          = 4217372672                             {manageable} {ergonomic}
     bool UseCompressedOops                        = true                           {product lp64_product} {ergonomic}
     bool UseG1GC                                  = true                                      {product} {ergonomic}
     bool UseLargePagesIndividualAllocation        = false                                  {pd product} {ergonomic}

Logging:
Log output configuration:
 #0: stdout all=warning uptime,level,tags foldmultilines=false
 #1: stderr all=off uptime,level,tags foldmultilines=false

Release file:
<release file has not been read>
Environment Variables:
JAVA_HOME=C:\Program Files\Microsoft\jdk-25.0.1.8-hotspot
PATH=C:\Program Files\Git\mingw64\libexec\git-core;C:\Program Files\Git\mingw64\libexec\git-core;C:\Program Files\Git\mingw64\bin;C:\Program Files\Git\usr\bin;C:\Users\ryura\bin;C:\Program Files\Microsoft\jdk-25.0.1.8-hotspot\bin;C:\Program Files (x86)\NVIDIA Corporation\PhysX\Common;C:\WINDOWS\system32;C:\WINDOWS;C:\WINDOWS\System32\Wbem;C:\WINDOWS\System32\WindowsPowerShell\v1.0;C:\WINDOWS\System32\OpenSSH;C:\Program Files\dotnet;C:\Program Files (x86)\Windows Kits\10\Windows Performance Toolkit;C:\MinGW\bin;C:\Program Files (x86)\Windows Kits\8.1\Windows Performance Toolkit;C:\Program Files\Git\cmd;C:\Users\ryura\AppData\Local\Programs\Python\Python310\Scripts;C:\Users\ryura\AppData\Local\Programs\Python\Python310;C:\Users\ryura\AppData\Local\Microsoft\WindowsApps;C:\Users\ryura\AppData\Local\Programs\Microsoft VS Code\bin;C:\mingw64\bin;C:\Users\ryura\AppData\Local\GitHubDesktop\bin;C:\Users\ryura\AppData\Local\Programs\Python\Python310\lib\site-packages\pip
USERNAME=ryura
DISPLAY=:0.0
LC_ALL=en_US.UTF-8
TERM=xterm-256color
TMPDIR=C:\Users\ryura\AppData\Local\Temp
OS=Windows_NT
PROCESSOR_IDENTIFIER=Intel64 Family 6 Model 170 Stepping 4, GenuineIntel
TMP=C:\Users\ryura\AppData\Local\Temp
TEMP=C:\Users\ryura\AppData\Local\Temp




Periodic native trim disabled

JNI global refs:
JNI global refs: 0, weak refs: 0

JNI global refs memory usage: 0, weak refs: 0

Process memory usage:
Resident Set Size: 13204K (0% of 16471416K total physical memory with 3595160K free physical memory)

OOME stack traces (most recent first):
Classloader memory used:

---------------  S Y S T E M  ---------------

OS:
 Windows 11 , 64 bit Build 26100 (10.0.26100.7019)
OS uptime: 0 days 2:35 hours
Hyper-V role detected

CPU: total 18 (initial active 18) (9 cores per cpu, 2 threads per core) family 6 model 170 stepping 4 microcode 0x1c, cx8, cmov, fxsr, ht, mmx, 3dnowpref, sse, sse2, sse3, ssse3, sse4.1, sse4.2, popcnt, lzcnt, tsc, tscinvbit, avx, avx2, aes, erms, clmul, bmi1, bmi2, adx, sha, fma, vzeroupper, clflush, clflushopt, clwb, hv, serialize, rdtscp, rdpid, fsrm, f16c, cet_ibt, cet_ss
Processor Information for processor 0
  Max Mhz: 1200, Current Mhz: 1200, Mhz Limit: 1200
Processor Information for processor 1
  Max Mhz: 1200, Current Mhz: 1200, Mhz Limit: 1200
Processor Information for processor 2
  Max Mhz: 700, Current Mhz: 700, Mhz Limit: 700
Processor Information for processor 3
  Max Mhz: 700, Current Mhz: 700, Mhz Limit: 700
Processor Information for processor 4
  Max Mhz: 700, Current Mhz: 700, Mhz Limit: 700
Processor Information for processor 5
  Max Mhz: 700, Current Mhz: 700, Mhz Limit: 700
Processor Information for processor 6
  Max Mhz: 700, Current Mhz: 700, Mhz Limit: 700
Processor Information for processor 7
  Max Mhz: 700, Current Mhz: 700, Mhz Limit: 700
Processor Information for processor 8
  Max Mhz: 700, Current Mhz: 700, Mhz Limit: 700
Processor Information for processor 9
  Max Mhz: 700, Current Mhz: 700, Mhz Limit: 700
Processor Information for processor 10
  Max Mhz: 1200, Current Mhz: 1200, Mhz Limit: 1200
Processor Information for processor 11
  Max Mhz: 1200, Current Mhz: 1200, Mhz Limit: 1200
Processor Information for processor 12
  Max Mhz: 1200, Current Mhz: 1200, Mhz Limit: 1200
Processor Information for processor 13
  Max Mhz: 1200, Current Mhz: 1200, Mhz Limit: 1200
Processor Information for processor 14
  Max Mhz: 1200, Current Mhz: 1200, Mhz Limit: 1200
Processor Information for processor 15
  Max Mhz: 1200, Current Mhz: 1200, Mhz Limit: 1200
Processor Information for processor 16
  Max Mhz: 700, Current Mhz: 700, Mhz Limit: 700
Processor Information for processor 17
  Max Mhz: 700, Current Mhz: 700, Mhz Limit: 700

Memory: 4k page, system-wide physical 16085M (3510M free)
TotalPageFile size 16085M (AvailPageFile size 213M)
current process WorkingSet (physical memory assigned to process): 12M, peak: 12M
current process commit charge ("private bytes"): 73M, peak: 325M

vm_info: OpenJDK 64-Bit Server VM (21.0.9+1-b1038.76) for windows-amd64 JRE (21.0.9+1-b1038.76), built on 2025-11-17 by "builduser" with MS VC++ 16.10 / 16.11 (VS2019)

END.
